-- Selecting Windows SDK version 10.0.26100.0 to target Windows 10.0.26200.
-- The CXX compiler identification is MSVC 19.51.36248.0
-- Detecting CXX compiler ABI info
-- Detecting CXX compiler ABI info - done
-- Check for working CXX compiler: E:/Program Files/VS2026BuildTools/VC/Tools/MSVC/14.51.36231/bin/Hostx64/x64/cl.exe - skipped
-- Detecting CXX compile features
-- Detecting CXX compile features - done
-- Performing Test CMAKE_HAVE_LIBC_PTHREAD
-- Performing Test CMAKE_HAVE_LIBC_PTHREAD - Failed
-- Looking for pthread_create in pthreads
-- Looking for pthread_create in pthreads - not found
-- Looking for pthread_create in pthread
-- Looking for pthread_create in pthread - not found
-- Found Threads: TRUE
-- Performing Test HAVE_STDATOMIC
-- Performing Test HAVE_STDATOMIC - Success
-- Found WrapAtomic: TRUE
-- Could NOT find WrapVulkanHeaders (missing: Vulkan_INCLUDE_DIR) 
-- Could NOT find WrapVulkanHeaders (missing: Vulkan_INCLUDE_DIR) 
CMake Warning (author) at C:/Qt/6.8.3/msvc2022_64/lib/cmake/Qt6Core/Qt6CoreMacros.cmake:3409 (message):
  Qt policy QTP0001 is not set: ':/qt/qml/' is the default resource prefix
  for QML modules.  Check https://doc.qt.io/qt-6/qt-cmake-policy-qtp0001.html
  for policy details.  Use the qt_policy command to set the policy and
  suppress this warning.

Call Stack (most recent call first):
  C:/Qt/6.8.3/msvc2022_64/lib/cmake/Qt6Qml/Qt6QmlMacros.cmake:719 (__qt_internal_setup_policy)
  C:/Qt/6.8.3/msvc2022_64/lib/cmake/Qt6Qml/Qt6QmlMacros.cmake:1254 (qt6_add_qml_module)
  CMakeLists.txt:28 (qt_add_qml_module)
This warning is for project developers.  Use -Wno-author to suppress it.

CMake Warning (author) at C:/Qt/6.8.3/msvc2022_64/lib/cmake/Qt6Core/Qt6CoreMacros.cmake:3409 (message):
  Qt policy QTP0004 is not set: You need qmldir files for each extra
  directory that contains .qml files for your module.  Check
  https://doc.qt.io/qt-6/qt-cmake-policy-qtp0004.html for policy details.
  Use the qt_policy command to set the policy and suppress this warning.

Call Stack (most recent call first):
  C:/Qt/6.8.3/msvc2022_64/lib/cmake/Qt6Qml/Qt6QmlMacros.cmake:3520 (__qt_internal_setup_policy)
  C:/Qt/6.8.3/msvc2022_64/lib/cmake/Qt6Qml/Qt6QmlMacros.cmake:916 (qt6_target_qml_sources)
  C:/Qt/6.8.3/msvc2022_64/lib/cmake/Qt6Qml/Qt6QmlMacros.cmake:1254 (qt6_add_qml_module)
  CMakeLists.txt:28 (qt_add_qml_module)
This warning is for project developers.  Use -Wno-author to suppress it.

-- Configuring done (23.0s)
-- Generating done (0.8s)
-- Build files have been written to: F:/Coding/1-Code/C++/Just-Solo/build
